<?xml version="1.0" encoding="UTF-8"?>
<!-- Generated by org.testng.reporters.JUnitXMLReporter -->
<testsuite ignored="2" hostname="DESKTOP-175K8UN" failures="1" tests="2" name="Login Test" time="6.812" errors="0" timestamp="23 Jul 2023 07:43:45 GMT">
  <testcase classname="com.udemy.testcases.LoginTest" name="loginAsBankManager" time="0.158">
    <failure type="java.lang.AssertionError" message="Test Failed">
      <![CDATA[java.lang.AssertionError: Test Failed
at com.udemy.testcases.LoginTest.loginAsBankManager(LoginTest.java:18)
... Removed 26 stack frames]]>
    </failure>
  </testcase> <!-- loginAsBankManager -->
  <testcase classname="com.udemy.testcases.AddCustomerTest" name="addCustomer" time="6.379"/>
  <testcase classname="com.udemy.base.TestBase" name="@BeforeSuite setUp" time="0.0">
    <ignored/>
  </testcase> <!-- @BeforeSuite setUp -->
  <testcase classname="com.udemy.base.TestBase" name="@AfterSuite tearDown" time="0.0">
    <ignored/>
  </testcase> <!-- @AfterSuite tearDown -->
</testsuite> <!-- Login Test -->
